[22:07:12] [Server thread/INFO]: Starting minecraft server version 1.9
[22:07:12] [Server thread/INFO]: Loading properties
[22:07:12] [Server thread/INFO]: Default game type: CREATIVE
[22:07:13] [Server thread/INFO]: This server is running CraftBukkit version git-Spigot-d20369f-7fc5cd8 (MC: 1.9) (Implementing API version 1.9-R0.1-SNAPSHOT)
[22:07:13] [Server thread/INFO]: Debug logging is disabled
[22:07:13] [Server thread/INFO]: Server Ping Player Sample Count: 12
[22:07:13] [Server thread/INFO]: Using 4 threads for Netty based IO
[22:07:13] [Server thread/INFO]: Generating keypair
[22:07:13] [Server thread/INFO]: Starting Minecraft server on *:25566
[22:07:13] [Server thread/INFO]: Using default channel type
[22:07:13] [Server thread/INFO]: Set PluginClassLoader as parallel capable
[22:07:13] [Server thread/INFO]: [CraftersWorld] Loading CraftersWorld v1.0-SNAPSHOT-260306
[22:07:13] [Server thread/INFO]: [WorldEdit] Loading WorldEdit v6.1;no_git_id
[22:07:13] [Server thread/WARN]: **** SERVER IS RUNNING IN OFFLINE/INSECURE MODE!
[22:07:13] [Server thread/WARN]: The server will make no attempt to authenticate usernames. Beware.
[22:07:13] [Server thread/WARN]: Whilst this makes it possible to use BungeeCord, unless access to your server is properly restricted, it also opens up the ability for hackers to connect with any username they choose.
[22:07:13] [Server thread/WARN]: Please see http://www.spigotmc.org/wiki/firewall-guide/ for further information.
[22:07:13] [Server thread/WARN]: To change this, set "online-mode" to "true" in the server.properties file.
[22:07:13] [Server thread/INFO]: **** Beginning UUID conversion, this may take A LONG time ****
[22:07:13] [Server thread/INFO]: Preparing level "world"
[22:07:13] [Server thread/INFO]: -------- World Settings For [world] --------
[22:07:13] [Server thread/INFO]: Zombie Aggressive Towards Villager: true
[22:07:13] [Server thread/INFO]: Arrow Despawn Rate: 1200
[22:07:13] [Server thread/INFO]: View Distance: 10
[22:07:13] [Server thread/INFO]: Item Despawn Rate: 6000
[22:07:13] [Server thread/INFO]: Item Merge Radius: 2.5
[22:07:13] [Server thread/INFO]: Allow Zombie Pigmen to spawn from portal blocks: true
[22:07:13] [Server thread/INFO]: Hopper Transfer: 8 Hopper Check: 8 Hopper Amount: 1
[22:07:13] [Server thread/INFO]: Entity Tracking Range: Pl 48 / An 48 / Mo 48 / Mi 32 / Other 64
[22:07:13] [Server thread/INFO]: Mob Spawn Range: 4
[22:07:13] [Server thread/INFO]: Structure Info Saving: true
[22:07:13] [Server thread/INFO]: Cactus Growth Modifier: 100%
[22:07:13] [Server thread/INFO]: Cane Growth Modifier: 100%
[22:07:13] [Server thread/INFO]: Melon Growth Modifier: 100%
[22:07:13] [Server thread/INFO]: Mushroom Growth Modifier: 100%
[22:07:13] [Server thread/INFO]: Pumpkin Growth Modifier: 100%
[22:07:13] [Server thread/INFO]: Sapling Growth Modifier: 100%
[22:07:13] [Server thread/INFO]: Wheat Growth Modifier: 100%
[22:07:13] [Server thread/INFO]: NetherWart Growth Modifier: 100%
[22:07:13] [Server thread/INFO]: Random Lighting Updates: false
[22:07:13] [Server thread/INFO]: Nerfing mobs spawned from spawners: false
[22:07:13] [Server thread/INFO]: Entity Activation Range: An 32 / Mo 32 / Mi 16
[22:07:13] [Server thread/INFO]: Max TNT Explosions: 100
[22:07:13] [Server thread/INFO]: Tile Max Tick Time: 50ms Entity max Tick Time: 50ms
[22:07:13] [Server thread/INFO]: Max Entity Collisions: 8
[22:07:13] [Server thread/INFO]: Custom Map Seeds:  Village: 10387312 Feature: 14357617
[22:07:13] [Server thread/INFO]: Experience Merge Radius: 3.0
[22:07:13] [Server thread/INFO]: -------- World Settings For [world_nether] --------
[22:07:13] [Server thread/INFO]: Zombie Aggressive Towards Villager: true
[22:07:13] [Server thread/INFO]: Arrow Despawn Rate: 1200
[22:07:13] [Server thread/INFO]: View Distance: 10
[22:07:13] [Server thread/INFO]: Item Despawn Rate: 6000
[22:07:13] [Server thread/INFO]: Item Merge Radius: 2.5
[22:07:13] [Server thread/INFO]: Allow Zombie Pigmen to spawn from portal blocks: true
[22:07:13] [Server thread/INFO]: Hopper Transfer: 8 Hopper Check: 8 Hopper Amount: 1
[22:07:13] [Server thread/INFO]: Entity Tracking Range: Pl 48 / An 48 / Mo 48 / Mi 32 / Other 64
[22:07:13] [Server thread/INFO]: Mob Spawn Range: 4
[22:07:13] [Server thread/INFO]: Structure Info Saving: true
[22:07:13] [Server thread/INFO]: Cactus Growth Modifier: 100%
[22:07:13] [Server thread/INFO]: Cane Growth Modifier: 100%
[22:07:13] [Server thread/INFO]: Melon Growth Modifier: 100%
[22:07:13] [Server thread/INFO]: Mushroom Growth Modifier: 100%
[22:07:13] [Server thread/INFO]: Pumpkin Growth Modifier: 100%
[22:07:13] [Server thread/INFO]: Sapling Growth Modifier: 100%
[22:07:13] [Server thread/INFO]: Wheat Growth Modifier: 100%
[22:07:13] [Server thread/INFO]: NetherWart Growth Modifier: 100%
[22:07:13] [Server thread/INFO]: Random Lighting Updates: false
[22:07:13] [Server thread/INFO]: Nerfing mobs spawned from spawners: false
[22:07:13] [Server thread/INFO]: Entity Activation Range: An 32 / Mo 32 / Mi 16
[22:07:13] [Server thread/INFO]: Max TNT Explosions: 100
[22:07:13] [Server thread/INFO]: Tile Max Tick Time: 50ms Entity max Tick Time: 50ms
[22:07:13] [Server thread/INFO]: Max Entity Collisions: 8
[22:07:13] [Server thread/INFO]: Custom Map Seeds:  Village: 10387312 Feature: 14357617
[22:07:13] [Server thread/INFO]: Experience Merge Radius: 3.0
[22:07:13] [Server thread/INFO]: -------- World Settings For [world_the_end] --------
[22:07:13] [Server thread/INFO]: Zombie Aggressive Towards Villager: true
[22:07:13] [Server thread/INFO]: Arrow Despawn Rate: 1200
[22:07:13] [Server thread/INFO]: View Distance: 10
[22:07:13] [Server thread/INFO]: Item Despawn Rate: 6000
[22:07:13] [Server thread/INFO]: Item Merge Radius: 2.5
[22:07:13] [Server thread/INFO]: Allow Zombie Pigmen to spawn from portal blocks: true
[22:07:13] [Server thread/INFO]: Hopper Transfer: 8 Hopper Check: 8 Hopper Amount: 1
[22:07:13] [Server thread/INFO]: Entity Tracking Range: Pl 48 / An 48 / Mo 48 / Mi 32 / Other 64
[22:07:13] [Server thread/INFO]: Mob Spawn Range: 4
[22:07:13] [Server thread/INFO]: Structure Info Saving: true
[22:07:13] [Server thread/INFO]: Cactus Growth Modifier: 100%
[22:07:13] [Server thread/INFO]: Cane Growth Modifier: 100%
[22:07:13] [Server thread/INFO]: Melon Growth Modifier: 100%
[22:07:13] [Server thread/INFO]: Mushroom Growth Modifier: 100%
[22:07:13] [Server thread/INFO]: Pumpkin Growth Modifier: 100%
[22:07:13] [Server thread/INFO]: Sapling Growth Modifier: 100%
[22:07:13] [Server thread/INFO]: Wheat Growth Modifier: 100%
[22:07:13] [Server thread/INFO]: NetherWart Growth Modifier: 100%
[22:07:13] [Server thread/INFO]: Random Lighting Updates: false
[22:07:13] [Server thread/INFO]: Nerfing mobs spawned from spawners: false
[22:07:13] [Server thread/INFO]: Entity Activation Range: An 32 / Mo 32 / Mi 16
[22:07:13] [Server thread/INFO]: Max TNT Explosions: 100
[22:07:13] [Server thread/INFO]: Tile Max Tick Time: 50ms Entity max Tick Time: 50ms
[22:07:13] [Server thread/INFO]: Max Entity Collisions: 8
[22:07:13] [Server thread/INFO]: Custom Map Seeds:  Village: 10387312 Feature: 14357617
[22:07:13] [Server thread/INFO]: Experience Merge Radius: 3.0
[22:07:13] [Server thread/INFO]: Preparing start region for level 0 (Seed: -1062928767620589471)
[22:07:14] [Server thread/INFO]: Preparing start region for level 1 (Seed: -3369677519640474595)
[22:07:14] [Server thread/INFO]: Preparing start region for level 2 (Seed: -3369677519640474595)
[22:07:15] [Server thread/INFO]: [CraftersWorld] Enabling CraftersWorld v1.0-SNAPSHOT-260306
[22:07:15] [Server thread/INFO]: [CraftersWorld] Plugin ParkourRace activo
[22:07:15] [Server thread/INFO]: [CraftersWorld] num1
[22:07:15] [Server thread/INFO]: [CraftersWorld] num2
[22:07:15] [Server thread/INFO]: [WorldEdit] Enabling WorldEdit v6.1;no_git_id
[22:07:15] [Server thread/INFO]: WEPIF: Using the Bukkit Permissions API.
[22:07:15] [Server thread/WARN]: [WorldEdit] 
**********************************************
** This WorldEdit version does not fully support your version of Bukkit.
**
** When working with blocks or undoing, chests will be empty, signs
** will be blank, and so on. There will be no support for entity
** and biome-related functions.
**
** Please see http://wiki.sk89q.com/wiki/WorldEdit/Bukkit_adapters
**********************************************

[22:07:15] [Server thread/INFO]: Server permissions file permissions.yml is empty, ignoring it
[22:07:15] [Server thread/INFO]: Done (2,041s)! For help, type "help" or "?"
